<?xml version="1.0" encoding="UTF-8"?>
<!-- Generated by org.testng.reporters.JUnitXMLReporter -->
<testsuite ignored="0" hostname="DESKTOP-7SLRVMH" failures="0" tests="7" name="IE Test" time="1.607" errors="0" timestamp="2023-09-16T15:35:49 IST">
  <testcase classname="com.store.testCases.ConfirmationValidation" name="login" time="0.001">
    <skipped/>
  </testcase> <!-- login -->
  <testcase classname="com.store.testCases.ConfirmationValidation" name="Menu" time="0.0">
    <skipped/>
  </testcase> <!-- Menu -->
  <testcase classname="com.store.testCases.ConfirmationValidation" name="Product" time="0.0">
    <skipped/>
  </testcase> <!-- Product -->
  <testcase classname="com.store.testCases.ConfirmationValidation" name="AddToCart" time="0.0">
    <skipped/>
  </testcase> <!-- AddToCart -->
  <testcase classname="com.store.testCases.ConfirmationValidation" name="YourCart" time="0.0">
    <skipped/>
  </testcase> <!-- YourCart -->
  <testcase classname="com.store.testCases.ConfirmationValidation" name="checkout" time="0.0">
    <skipped/>
  </testcase> <!-- checkout -->
  <testcase classname="com.store.testCases.ConfirmationValidation" name="Confirmation" time="0.0">
    <skipped/>
  </testcase> <!-- Confirmation -->
</testsuite> <!-- IE Test -->
